[debug] [2021-08-14T08:35:57.240Z] ----------------------------------------------------------------------
[debug] [2021-08-14T08:35:57.241Z] Command:       /usr/local/bin/node /usr/local/bin/firebase init
[debug] [2021-08-14T08:35:57.242Z] CLI Version:   9.16.5
[debug] [2021-08-14T08:35:57.242Z] Platform:      darwin
[debug] [2021-08-14T08:35:57.242Z] Node Version:  v14.15.3
[debug] [2021-08-14T08:35:57.242Z] Time:          Sat Aug 14 2021 16:35:57 GMT+0800 (Singapore Standard Time)
[debug] [2021-08-14T08:35:57.243Z] ----------------------------------------------------------------------
[debug] 
[debug] [2021-08-14T08:35:57.248Z] > command requires scopes: ["email","openid","https://www.googleapis.com/auth/cloudplatformprojects.readonly","https://www.googleapis.com/auth/firebase","https://www.googleapis.com/auth/cloud-platform"]
[debug] [2021-08-14T08:35:57.249Z] > authorizing via signed-in user (itsjessicale88@gmail.com)
[info] 
     ######## #### ########  ######## ########     ###     ######  ########
     ##        ##  ##     ## ##       ##     ##  ##   ##  ##       ##
     ######    ##  ########  ######   ########  #########  ######  ######
     ##        ##  ##    ##  ##       ##     ## ##     ##       ## ##
     ##       #### ##     ## ######## ########  ##     ##  ######  ########

You're about to initialize a Firebase project in this directory:

  /Users/thaole/Desktop/firebase-hosting-jessicale

[info] 
=== Project Setup
[info] 
[info] First, let's associate this project directory with a Firebase project.
[info] You can create multiple project aliases by running firebase use --add, 
[info] but for now we'll just set up a default project.
[info] 
[debug] [2021-08-14T08:38:05.894Z] > refreshing access token with scopes: []
[debug] [2021-08-14T08:38:05.894Z] >>> HTTP REQUEST POST https://www.googleapis.com/oauth2/v3/token  
 <request body omitted>
[debug] [2021-08-14T08:38:06.018Z] <<< HTTP RESPONSE 200 {"date":"Sat, 14 Aug 2021 08:38:09 GMT","expires":"Mon, 01 Jan 1990 00:00:00 GMT","cache-control":"no-cache, no-store, max-age=0, must-revalidate","pragma":"no-cache","content-type":"application/json; charset=utf-8","vary":"X-Origin, Referer, Origin,Accept-Encoding","server":"scaffolding on HTTPServer2","x-xss-protection":"0","x-frame-options":"SAMEORIGIN","x-content-type-options":"nosniff","alt-svc":"h3=\":443\"; ma=2592000,h3-29=\":443\"; ma=2592000,h3-T051=\":443\"; ma=2592000,h3-Q050=\":443\"; ma=2592000,h3-Q046=\":443\"; ma=2592000,h3-Q043=\":443\"; ma=2592000,quic=\":443\"; ma=2592000; v=\"46,43\"","accept-ranges":"none","transfer-encoding":"chunked"}
[debug] [2021-08-14T08:38:06.033Z] >>> [apiv2][query] GET https://firebase.googleapis.com/v1beta1/projects pageSize=100
[debug] [2021-08-14T08:38:06.414Z] <<< [apiv2][status] GET https://firebase.googleapis.com/v1beta1/projects 200
[debug] [2021-08-14T08:38:06.414Z] <<< [apiv2][body] GET https://firebase.googleapis.com/v1beta1/projects [omitted]
[info] i  Using project fir-host-jessicale (firebase-host-jessicale) 
[info] 
=== Hosting Setup
[info] 
[info] Your public directory is the folder (relative to your project directory) that
[info] will contain Hosting assets to be uploaded with firebase deploy. If you
[info] have a build process for your assets, use your build's output directory.
[info] 
[debug] [2021-08-14T08:39:15.731Z] ----------------------------------------------------------------------
[debug] [2021-08-14T08:39:15.733Z] Command:       /usr/local/bin/node /usr/local/bin/firebase init
[debug] [2021-08-14T08:39:15.733Z] CLI Version:   9.16.5
[debug] [2021-08-14T08:39:15.734Z] Platform:      darwin
[debug] [2021-08-14T08:39:15.734Z] Node Version:  v14.15.3
[debug] [2021-08-14T08:39:15.734Z] Time:          Sat Aug 14 2021 16:39:15 GMT+0800 (Singapore Standard Time)
[debug] [2021-08-14T08:39:15.734Z] ----------------------------------------------------------------------
[debug] 
[debug] [2021-08-14T08:39:15.740Z] > command requires scopes: ["email","openid","https://www.googleapis.com/auth/cloudplatformprojects.readonly","https://www.googleapis.com/auth/firebase","https://www.googleapis.com/auth/cloud-platform"]
[debug] [2021-08-14T08:39:15.740Z] > authorizing via signed-in user (itsjessicale88@gmail.com)
[info] 
     ######## #### ########  ######## ########     ###     ######  ########
     ##        ##  ##     ## ##       ##     ##  ##   ##  ##       ##
     ######    ##  ########  ######   ########  #########  ######  ######
     ##        ##  ##    ##  ##       ##     ## ##     ##       ## ##
     ##       #### ##     ## ######## ########  ##     ##  ######  ########

You're about to initialize a Firebase project in this directory:

  /Users/thaole/Desktop/firebase-hosting-jessicale

[info] 
=== Project Setup
[info] 
[info] First, let's associate this project directory with a Firebase project.
[info] You can create multiple project aliases by running firebase use --add, 
[info] but for now we'll just set up a default project.
[info] 
[debug] [2021-08-14T08:39:24.764Z] >>> [apiv2][query] GET https://firebase.googleapis.com/v1beta1/projects pageSize=100
[debug] [2021-08-14T08:39:25.175Z] <<< [apiv2][status] GET https://firebase.googleapis.com/v1beta1/projects 200
[debug] [2021-08-14T08:39:25.175Z] <<< [apiv2][body] GET https://firebase.googleapis.com/v1beta1/projects [omitted]
[info] i  Using project fir-host-jessicale (firebase-host-jessicale) 
[info] 
=== Hosting Setup
[info] 
[info] Your public directory is the folder (relative to your project directory) that
[info] will contain Hosting assets to be uploaded with firebase deploy. If you
[info] have a build process for your assets, use your build's output directory.
[info] 
[info] ✔  Wrote public/404.html 
[debug] [2021-08-14T08:40:04.181Z] >>> [apiv2][query] GET https://www.gstatic.com/firebasejs/releases.json [none]
[debug] [2021-08-14T08:40:04.222Z] <<< [apiv2][status] GET https://www.gstatic.com/firebasejs/releases.json 200
[debug] [2021-08-14T08:40:04.222Z] <<< [apiv2][body] GET https://www.gstatic.com/firebasejs/releases.json {"current":{"version":"8.9.1","browserURL":"https://www.gstatic.com/firebasejs/8.9.1/firebase.js","packageURL":"https://www.gstatic.com/firebasejs/8.9.1/firebase.tgz"},"live":{"version":"8.9","browserURL":"https://www.gstatic.com/firebasejs/live/8.9/firebase.js","packageURL":"https://www.gstatic.com/firebasejs/live/8.9/firebase.tgz"},"components":{"analytics":"https://www.gstatic.com/firebasejs/8.9.1/firebase-analytics.js","app":"https://www.gstatic.com/firebasejs/8.9.1/firebase-app.js","app-check":"https://www.gstatic.com/firebasejs/8.9.1/firebase-app-check.js","auth":"https://www.gstatic.com/firebasejs/8.9.1/firebase-auth.js","database":"https://www.gstatic.com/firebasejs/8.9.1/firebase-database.js","firestore":"https://www.gstatic.com/firebasejs/8.9.1/firebase-firestore.js","functions":"https://www.gstatic.com/firebasejs/8.9.1/firebase-functions.js","installations":"https://www.gstatic.com/firebasejs/8.9.1/firebase-installations.js","messaging":"https://www.gstatic.com/firebasejs/8.9.1/firebase-messaging.js","storage":"https://www.gstatic.com/firebasejs/8.9.1/firebase-storage.js","performance":"https://www.gstatic.com/firebasejs/8.9.1/firebase-performance.js","remote-config":"https://www.gstatic.com/firebasejs/8.9.1/firebase-remote-config.js","firestore.memory":"https://www.gstatic.com/firebasejs/8.9.1/firebase-firestore.memory.js"}}
[info] ✔  Wrote public/index.html 
[info] 
[info] i  Didn't detect a .git folder. Assuming /Users/thaole/Desktop/firebase-hosting-jessicale is the project root. 
[info] i  Authorizing with GitHub to upload your service account to a GitHub repository's secrets store. 
[info] 
[info] Visit this URL on this device to log in:
[info] https://github.com/login/oauth/authorize?client_id=89cf50f02ac6aaed3484&state=319356933&redirect_uri=http%3A%2F%2Flocalhost%3A9005&scope=read%3Auser%20repo%20public_repo
[info] 
[info] Waiting for authentication...
[debug] [2021-08-14T08:40:37.511Z] >>> HTTP REQUEST POST https://github.com/login/oauth/access_token  
 {"client_id":"89cf50f02ac6aaed3484","client_secret":"3330d14abc895d9a74d5f17cd7a00711fa2c5bf0","code":"fe55b5841b8ffed937dc","redirect_uri":"http://localhost:9005","state":"319356933"}
[debug] [2021-08-14T08:40:37.842Z] <<< HTTP RESPONSE 200 {"server":"GitHub.com","date":"Sat, 14 Aug 2021 08:40:40 GMT","content-type":"application/json; charset=utf-8","transfer-encoding":"chunked","vary":"X-PJAX, Accept-Encoding, Accept, X-Requested-With","permissions-policy":"interest-cohort=()","etag":"W/\"d68233b04de8a21896a8062e4602fb12\"","cache-control":"max-age=0, private, must-revalidate","strict-transport-security":"max-age=31536000; includeSubdomains; preload","x-frame-options":"deny","x-content-type-options":"nosniff","x-xss-protection":"0","referrer-policy":"origin-when-cross-origin, strict-origin-when-cross-origin","expect-ct":"max-age=2592000, report-uri=\"https://api.github.com/_private/browser/errors\"","content-security-policy":"default-src 'none'; base-uri 'self'; block-all-mixed-content; connect-src 'self' uploads.github.com www.githubstatus.com collector.githubapp.com api.github.com github-cloud.s3.amazonaws.com github-production-repository-file-5c1aeb.s3.amazonaws.com github-production-upload-manifest-file-7fdce7.s3.amazonaws.com github-production-user-asset-6210df.s3.amazonaws.com cdn.optimizely.com logx.optimizely.com/v1/events translator.github.com wss://alive.github.com; font-src github.githubassets.com; form-action 'self' github.com gist.github.com; frame-ancestors 'none'; frame-src render.githubusercontent.com render-temp.githubusercontent.com viewscreen.githubusercontent.com; img-src 'self' data: github.githubassets.com identicons.github.com collector.githubapp.com github-cloud.s3.amazonaws.com secured-user-images.githubusercontent.com/ *.githubusercontent.com; manifest-src 'self'; media-src 'none'; script-src github.githubassets.com; style-src 'unsafe-inline' github.githubassets.com; worker-src github.com/socket-worker-3f088aa2.js gist.github.com/socket-worker-3f088aa2.js","x-github-request-id":"C24D:64D1:4CA384:54AAFE:61178188"}
[debug] [2021-08-14T08:40:37.848Z] >>> [apiv2][query] GET https://api.github.com/user [none]
[debug] [2021-08-14T08:40:38.213Z] <<< [apiv2][status] GET https://api.github.com/user 200
[debug] [2021-08-14T08:40:38.213Z] <<< [apiv2][body] GET https://api.github.com/user {"login":"pttljessy","id":43909673,"node_id":"MDQ6VXNlcjQzOTA5Njcz","avatar_url":"https://avatars.githubusercontent.com/u/43909673?v=4","gravatar_id":"","url":"https://api.github.com/users/pttljessy","html_url":"https://github.com/pttljessy","followers_url":"https://api.github.com/users/pttljessy/followers","following_url":"https://api.github.com/users/pttljessy/following{/other_user}","gists_url":"https://api.github.com/users/pttljessy/gists{/gist_id}","starred_url":"https://api.github.com/users/pttljessy/starred{/owner}{/repo}","subscriptions_url":"https://api.github.com/users/pttljessy/subscriptions","organizations_url":"https://api.github.com/users/pttljessy/orgs","repos_url":"https://api.github.com/users/pttljessy/repos","events_url":"https://api.github.com/users/pttljessy/events{/privacy}","received_events_url":"https://api.github.com/users/pttljessy/received_events","type":"User","site_admin":false,"name":"Jessica Le","company":null,"blog":"jesslefrontend.herokuapp.com","location":"Singapore","email":null,"hireable":true,"bio":"A passionate digital marketer by day & coder by night. Loves to meet and greet like-minded people in the realms of the online media and technology space.","twitter_username":null,"public_repos":7,"public_gists":0,"followers":3,"following":8,"created_at":"2018-10-06T14:00:14Z","updated_at":"2021-07-31T02:49:59Z","private_gists":0,"total_private_repos":3,"owned_private_repos":3,"disk_usage":13974,"collaborators":3,"two_factor_authentication":false,"plan":{"name":"free","space":976562499,"collaborators":0,"private_repos":10000}}
[info] 
[info] ✔  Success! Logged into GitHub as pttljessy 
[info] 
